[debug] [2026-04-02T04:53:03.325Z] ----------------------------------------------------------------------
[debug] [2026-04-02T04:53:03.327Z] Command:       C:\Program Files\nodejs\node.exe C:\Users\Administrator\AppData\Roaming\npm\node_modules\firebase-tools\lib\bin\firebase.js projects:create servixgo-11 --display-name ServixGo-11
[debug] [2026-04-02T04:53:03.327Z] CLI Version:   15.12.0
[debug] [2026-04-02T04:53:03.327Z] Platform:      win32
[debug] [2026-04-02T04:53:03.327Z] Node Version:  v22.15.1
[debug] [2026-04-02T04:53:03.328Z] Time:          Thu Apr 02 2026 10:23:03 GMT+0530 (India Standard Time)
[debug] [2026-04-02T04:53:03.328Z] ----------------------------------------------------------------------
[debug] 
[debug] [2026-04-02T04:53:03.333Z] > command requires scopes: ["email","openid","https://www.googleapis.com/auth/cloudplatformprojects.readonly","https://www.googleapis.com/auth/firebase","https://www.googleapis.com/auth/cloud-platform"]
[debug] [2026-04-02T04:53:03.333Z] > authorizing via signed-in user (23it111@charusat.edu.in)
[debug] [2026-04-02T04:53:03.337Z] Checked if tokens are valid: true, expires at: 1775108113658
[debug] [2026-04-02T04:53:03.337Z] Checked if tokens are valid: true, expires at: 1775108113658
[debug] [2026-04-02T04:53:03.338Z] >>> [apiv2][query] POST https://cloudresourcemanager.googleapis.com/v1/projects [none]
[debug] [2026-04-02T04:53:03.338Z] >>> [apiv2][body] POST https://cloudresourcemanager.googleapis.com/v1/projects {"projectId":"servixgo-11","name":"ServixGo-11"}
[debug] [2026-04-02T04:53:05.049Z] <<< [apiv2][status] POST https://cloudresourcemanager.googleapis.com/v1/projects 409
[debug] [2026-04-02T04:53:05.049Z] <<< [apiv2][body] POST https://cloudresourcemanager.googleapis.com/v1/projects {"error":{"code":409,"message":"Requested entity already exists","status":"ALREADY_EXISTS"}}
[debug] [2026-04-02T04:53:05.203Z] FirebaseError: Request to https://cloudresourcemanager.googleapis.com/v1/projects had HTTP Error: 409, Requested entity already exists
    at responseToError (C:\Users\Administrator\AppData\Roaming\npm\node_modules\firebase-tools\lib\responseToError.js:53:12)
    at RetryOperation._fn (C:\Users\Administrator\AppData\Roaming\npm\node_modules\firebase-tools\lib\apiv2.js:333:77)
    at process.processTicksAndRejections (node:internal/process/task_queues:105:5)
[error] 
[error] Error: Failed to create project because there is already a project with ID servixgo-11. Please try again with a unique project ID.
[debug] [2026-04-02T04:53:21.988Z] ----------------------------------------------------------------------
[debug] [2026-04-02T04:53:21.990Z] Command:       C:\Program Files\nodejs\node.exe C:\Users\Administrator\AppData\Roaming\npm\node_modules\firebase-tools\lib\bin\firebase.js login --reauth
[debug] [2026-04-02T04:53:21.990Z] CLI Version:   15.12.0
[debug] [2026-04-02T04:53:21.990Z] Platform:      win32
[debug] [2026-04-02T04:53:21.990Z] Node Version:  v22.15.1
[debug] [2026-04-02T04:53:21.991Z] Time:          Thu Apr 02 2026 10:23:21 GMT+0530 (India Standard Time)
[debug] [2026-04-02T04:53:21.991Z] ----------------------------------------------------------------------
[debug] 
[info] 
[info] Visit this URL on this device to log in:
[info] https://accounts.google.com/o/oauth2/auth?client_id=563584335869-fgrhgmd47bqnekij5i8b5pr03ho849e6.apps.googleusercontent.com&scope=email%20openid%20https%3A%2F%2Fwww.googleapis.com%2Fauth%2Fcloudplatformprojects.readonly%20https%3A%2F%2Fwww.googleapis.com%2Fauth%2Ffirebase%20https%3A%2F%2Fwww.googleapis.com%2Fauth%2Fcloud-platform&response_type=code&state=98479478&redirect_uri=http%3A%2F%2Flocalhost%3A9005&login_hint=23it111%40charusat.edu.in
[info] 
[info] Waiting for authentication...
[debug] [2026-04-02T04:53:40.497Z] >>> [apiv2][query] POST https://auth.firebase.tools/attest [none]
[debug] [2026-04-02T04:53:40.498Z] >>> [apiv2][body] POST https://auth.firebase.tools/attest {"session_id":"1e7fa782-8256-4440-b115-d53ef374a9cb"}
[debug] [2026-04-02T04:53:41.456Z] <<< [apiv2][status] POST https://auth.firebase.tools/attest 200
[debug] [2026-04-02T04:53:41.456Z] <<< [apiv2][body] POST https://auth.firebase.tools/attest {"token":"36vPF2NX9L6w4y1BNjEeqC2HHin6EDmqHxzAQRakXac"}
[info] 
[info] To sign in to the Firebase CLI:
[info] 
[info] 1. Take note of your session ID:
[info] 
[info]    1E7FA
[info] 
[info] 2. Visit the URL below on any device and follow the instructions to get your code:
[info] 
[info]    https://auth.firebase.tools/login?code_challenge=zqyUbirpsEOkWA4YXNb2qiyIvbYcEH_-NF-PrTCWcTU&session=1e7fa782-8256-4440-b115-d53ef374a9cb&attest=36vPF2NX9L6w4y1BNjEeqC2HHin6EDmqHxzAQRakXac
[info] 
[info] 3. Paste or enter the authorization code below once you have it:
[info] 
